mode: set
github.com/example/ats-platform/internal/resume/model/resume.go:45.34,47.2 1 1
github.com/example/ats-platform/internal/resume/model/resume.go:50.34,52.2 1 1
github.com/example/ats-platform/internal/resume/model/resume.go:55.57,57.13 2 1
github.com/example/ats-platform/internal/resume/model/resume.go:57.13,59.3 1 1
github.com/example/ats-platform/internal/resume/model/resume.go:60.2,60.55 1 1
github.com/example/ats-platform/internal/resume/service/resume_service.go:50.71,54.2 1 1
github.com/example/ats-platform/internal/resume/service/resume_service.go:57.101,68.51 2 1
github.com/example/ats-platform/internal/resume/service/resume_service.go:68.51,70.3 1 1
github.com/example/ats-platform/internal/resume/service/resume_service.go:72.2,72.20 1 1
github.com/example/ats-platform/internal/resume/service/resume_service.go:76.91,78.16 2 1
github.com/example/ats-platform/internal/resume/service/resume_service.go:78.16,79.45 1 1
github.com/example/ats-platform/internal/resume/service/resume_service.go:79.45,81.4 1 1
github.com/example/ats-platform/internal/resume/service/resume_service.go:82.3,82.18 1 1
github.com/example/ats-platform/internal/resume/service/resume_service.go:84.2,84.20 1 1
github.com/example/ats-platform/internal/resume/service/resume_service.go:88.125,97.16 3 1
github.com/example/ats-platform/internal/resume/service/resume_service.go:97.16,99.3 1 1
github.com/example/ats-platform/internal/resume/service/resume_service.go:101.2,101.28 1 1
github.com/example/ats-platform/internal/resume/service/resume_service.go:105.115,107.16 2 1
github.com/example/ats-platform/internal/resume/service/resume_service.go:107.16,108.45 1 1
github.com/example/ats-platform/internal/resume/service/resume_service.go:108.45,110.4 1 1
github.com/example/ats-platform/internal/resume/service/resume_service.go:111.3,111.18 1 0
github.com/example/ats-platform/internal/resume/service/resume_service.go:115.2,115.22 1 1
github.com/example/ats-platform/internal/resume/service/resume_service.go:115.22,117.3 1 1
github.com/example/ats-platform/internal/resume/service/resume_service.go:118.2,118.23 1 1
github.com/example/ats-platform/internal/resume/service/resume_service.go:118.23,120.3 1 1
github.com/example/ats-platform/internal/resume/service/resume_service.go:121.2,121.23 1 1
github.com/example/ats-platform/internal/resume/service/resume_service.go:121.23,123.3 1 0
github.com/example/ats-platform/internal/resume/service/resume_service.go:125.2,125.51 1 1
github.com/example/ats-platform/internal/resume/service/resume_service.go:125.51,127.3 1 0
github.com/example/ats-platform/internal/resume/service/resume_service.go:129.2,129.20 1 1
github.com/example/ats-platform/internal/resume/service/resume_service.go:133.73,135.16 2 1
github.com/example/ats-platform/internal/resume/service/resume_service.go:135.16,136.45 1 1
github.com/example/ats-platform/internal/resume/service/resume_service.go:136.45,138.4 1 1
github.com/example/ats-platform/internal/resume/service/resume_service.go:139.3,139.13 1 1
github.com/example/ats-platform/internal/resume/service/resume_service.go:141.2,141.12 1 1
github.com/example/ats-platform/internal/resume/service/resume_service.go:145.111,147.16 2 1
github.com/example/ats-platform/internal/resume/service/resume_service.go:147.16,148.45 1 1
github.com/example/ats-platform/internal/resume/service/resume_service.go:148.45,150.4 1 1
github.com/example/ats-platform/internal/resume/service/resume_service.go:151.3,151.18 1 0
github.com/example/ats-platform/internal/resume/service/resume_service.go:155.2,155.37 1 1
github.com/example/ats-platform/internal/resume/service/resume_service.go:155.37,157.3 1 1
github.com/example/ats-platform/internal/resume/service/resume_service.go:159.2,159.61 1 1
github.com/example/ats-platform/internal/resume/service/resume_service.go:159.61,161.3 1 1
github.com/example/ats-platform/internal/resume/service/resume_service.go:164.2,165.20 2 1
github.com/example/ats-platform/internal/resume/repository/resume_repository.go:20.48,21.14 1 0
github.com/example/ats-platform/internal/resume/repository/resume_repository.go:21.14,23.3 1 0
github.com/example/ats-platform/internal/resume/repository/resume_repository.go:24.2,24.24 1 0
github.com/example/ats-platform/internal/resume/repository/resume_repository.go:28.49,29.18 1 0
github.com/example/ats-platform/internal/resume/repository/resume_repository.go:29.18,32.3 2 0
github.com/example/ats-platform/internal/resume/repository/resume_repository.go:33.2,34.27 2 0
github.com/example/ats-platform/internal/resume/repository/resume_repository.go:35.14,36.12 1 0
github.com/example/ats-platform/internal/resume/repository/resume_repository.go:37.14,38.20 1 0
github.com/example/ats-platform/internal/resume/repository/resume_repository.go:39.10,41.13 2 0
github.com/example/ats-platform/internal/resume/repository/resume_repository.go:43.2,43.33 1 0
github.com/example/ats-platform/internal/resume/repository/resume_repository.go:47.38,49.2 1 0
github.com/example/ats-platform/internal/resume/repository/resume_repository.go:80.54,82.2 1 1
github.com/example/ats-platform/internal/resume/repository/resume_repository.go:85.82,87.31 1 1
github.com/example/ats-platform/internal/resume/repository/resume_repository.go:87.31,89.3 1 1
github.com/example/ats-platform/internal/resume/repository/resume_repository.go:90.2,90.31 1 1
github.com/example/ats-platform/internal/resume/repository/resume_repository.go:90.31,92.3 1 1
github.com/example/ats-platform/internal/resume/repository/resume_repository.go:95.2,96.30 2 1
github.com/example/ats-platform/internal/resume/repository/resume_repository.go:96.30,98.3 1 0
github.com/example/ats-platform/internal/resume/repository/resume_repository.go:101.2,115.9 2 1
github.com/example/ats-platform/internal/resume/repository/resume_repository.go:119.92,141.25 4 1
github.com/example/ats-platform/internal/resume/repository/resume_repository.go:141.25,142.54 1 0
github.com/example/ats-platform/internal/resume/repository/resume_repository.go:142.54,144.4 1 0
github.com/example/ats-platform/internal/resume/repository/resume_repository.go:145.3,145.27 1 0
github.com/example/ats-platform/internal/resume/repository/resume_repository.go:147.2,147.30 1 1
github.com/example/ats-platform/internal/resume/repository/resume_repository.go:147.30,149.3 1 1
github.com/example/ats-platform/internal/resume/repository/resume_repository.go:152.2,153.58 2 1
github.com/example/ats-platform/internal/resume/repository/resume_repository.go:153.58,155.3 1 1
github.com/example/ats-platform/internal/resume/repository/resume_repository.go:157.2,168.8 1 1
github.com/example/ats-platform/internal/resume/repository/resume_repository.go:172.102,190.25 4 1
github.com/example/ats-platform/internal/resume/repository/resume_repository.go:190.25,193.3 2 1
github.com/example/ats-platform/internal/resume/repository/resume_repository.go:194.2,194.25 1 1
github.com/example/ats-platform/internal/resume/repository/resume_repository.go:194.25,197.3 2 1
github.com/example/ats-platform/internal/resume/repository/resume_repository.go:200.2,203.16 4 1
github.com/example/ats-platform/internal/resume/repository/resume_repository.go:203.16,205.3 1 0
github.com/example/ats-platform/internal/resume/repository/resume_repository.go:208.2,209.14 2 1
github.com/example/ats-platform/internal/resume/repository/resume_repository.go:209.14,211.3 1 1
github.com/example/ats-platform/internal/resume/repository/resume_repository.go:212.2,213.18 2 1
github.com/example/ats-platform/internal/resume/repository/resume_repository.go:213.18,215.3 1 1
github.com/example/ats-platform/internal/resume/repository/resume_repository.go:216.2,225.16 6 1
github.com/example/ats-platform/internal/resume/repository/resume_repository.go:225.16,227.3 1 0
github.com/example/ats-platform/internal/resume/repository/resume_repository.go:230.2,231.31 2 1
github.com/example/ats-platform/internal/resume/repository/resume_repository.go:231.31,233.51 2 1
github.com/example/ats-platform/internal/resume/repository/resume_repository.go:233.51,235.4 1 1
github.com/example/ats-platform/internal/resume/repository/resume_repository.go:237.3,248.4 1 1
github.com/example/ats-platform/internal/resume/repository/resume_repository.go:251.2,251.28 1 1
github.com/example/ats-platform/internal/resume/repository/resume_repository.go:255.82,258.30 2 1
github.com/example/ats-platform/internal/resume/repository/resume_repository.go:258.30,260.3 1 0
github.com/example/ats-platform/internal/resume/repository/resume_repository.go:262.2,278.25 3 1
github.com/example/ats-platform/internal/resume/repository/resume_repository.go:278.25,280.3 1 0
github.com/example/ats-platform/internal/resume/repository/resume_repository.go:281.2,281.30 1 1
github.com/example/ats-platform/internal/resume/repository/resume_repository.go:281.30,283.3 1 0
github.com/example/ats-platform/internal/resume/repository/resume_repository.go:284.2,284.12 1 1
github.com/example/ats-platform/internal/resume/repository/resume_repository.go:288.74,292.25 3 1
github.com/example/ats-platform/internal/resume/repository/resume_repository.go:292.25,294.3 1 0
github.com/example/ats-platform/internal/resume/repository/resume_repository.go:295.2,295.30 1 1
github.com/example/ats-platform/internal/resume/repository/resume_repository.go:295.30,297.3 1 1
github.com/example/ats-platform/internal/resume/repository/resume_repository.go:298.2,298.12 1 1
github.com/example/ats-platform/internal/resume/repository/resume_repository.go:302.95,306.25 3 1
github.com/example/ats-platform/internal/resume/repository/resume_repository.go:306.25,308.3 1 0
github.com/example/ats-platform/internal/resume/repository/resume_repository.go:309.2,309.30 1 1
github.com/example/ats-platform/internal/resume/repository/resume_repository.go:309.30,311.3 1 1
github.com/example/ats-platform/internal/resume/repository/resume_repository.go:312.2,312.12 1 1
github.com/example/ats-platform/cmd/resume-service/main.go:26.13,29.16 2 0
github.com/example/ats-platform/cmd/resume-service/main.go:29.16,32.3 2 0
github.com/example/ats-platform/cmd/resume-service/main.go:35.2,38.17 1 0
github.com/example/ats-platform/cmd/resume-service/main.go:38.17,41.3 2 0
github.com/example/ats-platform/cmd/resume-service/main.go:42.2,58.16 5 0
github.com/example/ats-platform/cmd/resume-service/main.go:58.16,60.3 1 0
github.com/example/ats-platform/cmd/resume-service/main.go:63.2,64.16 2 0
github.com/example/ats-platform/cmd/resume-service/main.go:64.16,66.3 1 0
github.com/example/ats-platform/cmd/resume-service/main.go:67.2,84.45 12 0
github.com/example/ats-platform/cmd/resume-service/main.go:84.45,89.3 1 0
github.com/example/ats-platform/cmd/resume-service/main.go:91.2,91.44 1 0
github.com/example/ats-platform/cmd/resume-service/main.go:91.44,93.38 1 0
github.com/example/ats-platform/cmd/resume-service/main.go:93.38,100.4 2 0
github.com/example/ats-platform/cmd/resume-service/main.go:101.3,104.5 1 0
github.com/example/ats-platform/cmd/resume-service/main.go:108.2,109.2 2 0
github.com/example/ats-platform/cmd/resume-service/main.go:109.2,116.3 6 0
github.com/example/ats-platform/cmd/resume-service/main.go:119.2,128.12 3 0
github.com/example/ats-platform/cmd/resume-service/main.go:128.12,130.77 2 0
github.com/example/ats-platform/cmd/resume-service/main.go:130.77,132.4 1 0
github.com/example/ats-platform/cmd/resume-service/main.go:136.2,138.16 3 0
github.com/example/ats-platform/cmd/resume-service/main.go:138.16,140.3 1 0
github.com/example/ats-platform/cmd/resume-service/main.go:141.2,154.42 8 0
github.com/example/ats-platform/cmd/resume-service/main.go:154.42,156.3 1 0
github.com/example/ats-platform/cmd/resume-service/main.go:158.2,161.31 3 0
github.com/example/ats-platform/internal/shared/response/response.go:25.48,31.2 1 0
github.com/example/ats-platform/internal/shared/response/response.go:34.75,40.2 1 0
github.com/example/ats-platform/internal/shared/response/response.go:43.85,54.2 1 0
github.com/example/ats-platform/internal/shared/response/response.go:57.54,62.2 1 0
github.com/example/ats-platform/internal/shared/response/response.go:65.49,70.2 1 0
github.com/example/ats-platform/internal/shared/response/response.go:73.51,74.19 1 0
github.com/example/ats-platform/internal/shared/response/response.go:74.19,76.3 1 0
github.com/example/ats-platform/internal/shared/response/response.go:77.2,80.4 1 0
github.com/example/ats-platform/internal/shared/response/response.go:84.48,85.19 1 0
github.com/example/ats-platform/internal/shared/response/response.go:85.19,87.3 1 0
github.com/example/ats-platform/internal/shared/response/response.go:88.2,91.4 1 0
github.com/example/ats-platform/internal/shared/response/response.go:95.47,96.19 1 0
github.com/example/ats-platform/internal/shared/response/response.go:96.19,98.3 1 0
github.com/example/ats-platform/internal/shared/response/response.go:99.2,102.4 1 0
github.com/example/ats-platform/internal/shared/response/response.go:106.52,107.19 1 0
github.com/example/ats-platform/internal/shared/response/response.go:107.19,109.3 1 0
github.com/example/ats-platform/internal/shared/response/response.go:110.2,113.4 1 0
github.com/example/ats-platform/internal/shared/middleware/cors.go:9.29,10.30 1 0
github.com/example/ats-platform/internal/shared/middleware/cors.go:10.30,16.36 5 0
github.com/example/ats-platform/internal/shared/middleware/cors.go:16.36,19.4 2 0
github.com/example/ats-platform/internal/shared/middleware/cors.go:21.3,21.11 1 0
github.com/example/ats-platform/internal/shared/middleware/logging.go:12.32,13.30 1 0
github.com/example/ats-platform/internal/shared/middleware/logging.go:13.30,25.18 9 0
github.com/example/ats-platform/internal/shared/middleware/logging.go:25.18,27.4 1 0
github.com/example/ats-platform/internal/shared/middleware/logging.go:29.3,35.4 1 0
github.com/example/ats-platform/internal/shared/middleware/recovery.go:13.33,14.30 1 0
github.com/example/ats-platform/internal/shared/middleware/recovery.go:14.30,15.16 1 0
github.com/example/ats-platform/internal/shared/middleware/recovery.go:15.16,16.36 1 0
github.com/example/ats-platform/internal/shared/middleware/recovery.go:16.36,22.5 2 0
github.com/example/ats-platform/internal/shared/middleware/recovery.go:24.3,24.11 1 0
github.com/example/ats-platform/internal/shared/logger/logger.go:21.29,24.21 2 0
github.com/example/ats-platform/internal/shared/logger/logger.go:24.21,27.3 2 0
github.com/example/ats-platform/internal/shared/logger/logger.go:27.8,30.3 2 0
github.com/example/ats-platform/internal/shared/logger/logger.go:33.2,34.63 2 0
github.com/example/ats-platform/internal/shared/logger/logger.go:34.63,36.3 1 0
github.com/example/ats-platform/internal/shared/logger/logger.go:37.2,41.16 3 0
github.com/example/ats-platform/internal/shared/logger/logger.go:41.16,43.3 1 0
github.com/example/ats-platform/internal/shared/logger/logger.go:45.2,46.12 2 0
github.com/example/ats-platform/internal/shared/logger/logger.go:50.13,51.16 1 0
github.com/example/ats-platform/internal/shared/logger/logger.go:51.16,53.3 1 0
github.com/example/ats-platform/internal/shared/logger/logger.go:57.33,59.2 1 0
github.com/example/ats-platform/internal/shared/logger/logger.go:62.51,64.2 1 0
github.com/example/ats-platform/internal/shared/logger/logger.go:67.32,69.2 1 0
github.com/example/ats-platform/internal/shared/logger/logger.go:72.50,74.2 1 0
github.com/example/ats-platform/internal/shared/logger/logger.go:77.32,79.2 1 0
github.com/example/ats-platform/internal/shared/logger/logger.go:82.50,84.2 1 0
github.com/example/ats-platform/internal/shared/logger/logger.go:87.33,89.2 1 0
github.com/example/ats-platform/internal/shared/logger/logger.go:92.51,94.2 1 0
github.com/example/ats-platform/internal/shared/logger/logger.go:97.33,100.2 2 0
github.com/example/ats-platform/internal/shared/logger/logger.go:103.51,106.2 2 0
github.com/example/ats-platform/internal/shared/logger/logger.go:109.51,111.2 1 0
github.com/example/ats-platform/internal/shared/config/config.go:60.47,70.41 4 0
github.com/example/ats-platform/internal/shared/config/config.go:70.41,72.3 1 0
github.com/example/ats-platform/internal/shared/config/config.go:74.2,75.42 2 0
github.com/example/ats-platform/internal/shared/config/config.go:75.42,77.3 1 0
github.com/example/ats-platform/internal/shared/config/config.go:79.2,79.18 1 0
github.com/example/ats-platform/internal/resume/handler/resume_handler.go:19.65,23.2 1 1
github.com/example/ats-platform/internal/resume/handler/resume_handler.go:26.48,28.49 2 1
github.com/example/ats-platform/internal/resume/handler/resume_handler.go:28.49,31.3 2 1
github.com/example/ats-platform/internal/resume/handler/resume_handler.go:33.2,34.16 2 1
github.com/example/ats-platform/internal/resume/handler/resume_handler.go:34.16,37.3 2 1
github.com/example/ats-platform/internal/resume/handler/resume_handler.go:39.2,39.29 1 1
github.com/example/ats-platform/internal/resume/handler/resume_handler.go:43.49,45.16 2 1
github.com/example/ats-platform/internal/resume/handler/resume_handler.go:45.16,48.3 2 1
github.com/example/ats-platform/internal/resume/handler/resume_handler.go:50.2,51.16 2 1
github.com/example/ats-platform/internal/resume/handler/resume_handler.go:51.16,52.39 1 1
github.com/example/ats-platform/internal/resume/handler/resume_handler.go:52.39,55.4 2 1
github.com/example/ats-platform/internal/resume/handler/resume_handler.go:56.3,57.9 2 1
github.com/example/ats-platform/internal/resume/handler/resume_handler.go:60.2,60.29 1 1
github.com/example/ats-platform/internal/resume/handler/resume_handler.go:64.46,71.16 6 1
github.com/example/ats-platform/internal/resume/handler/resume_handler.go:71.16,74.3 2 1
github.com/example/ats-platform/internal/resume/handler/resume_handler.go:76.2,76.57 1 1
github.com/example/ats-platform/internal/resume/handler/resume_handler.go:80.48,82.16 2 1
github.com/example/ats-platform/internal/resume/handler/resume_handler.go:82.16,85.3 2 1
github.com/example/ats-platform/internal/resume/handler/resume_handler.go:87.2,88.49 2 1
github.com/example/ats-platform/internal/resume/handler/resume_handler.go:88.49,91.3 2 0
github.com/example/ats-platform/internal/resume/handler/resume_handler.go:93.2,94.16 2 1
github.com/example/ats-platform/internal/resume/handler/resume_handler.go:94.16,95.39 1 1
github.com/example/ats-platform/internal/resume/handler/resume_handler.go:95.39,98.4 2 1
github.com/example/ats-platform/internal/resume/handler/resume_handler.go:99.3,100.9 2 1
github.com/example/ats-platform/internal/resume/handler/resume_handler.go:103.2,103.29 1 1
github.com/example/ats-platform/internal/resume/handler/resume_handler.go:107.48,109.16 2 1
github.com/example/ats-platform/internal/resume/handler/resume_handler.go:109.16,112.3 2 1
github.com/example/ats-platform/internal/resume/handler/resume_handler.go:114.2,114.62 1 1
github.com/example/ats-platform/internal/resume/handler/resume_handler.go:114.62,115.39 1 1
github.com/example/ats-platform/internal/resume/handler/resume_handler.go:115.39,118.4 2 1
github.com/example/ats-platform/internal/resume/handler/resume_handler.go:119.3,120.9 2 1
github.com/example/ats-platform/internal/resume/handler/resume_handler.go:123.2,123.68 1 1
github.com/example/ats-platform/internal/resume/handler/resume_handler.go:127.54,129.16 2 1
github.com/example/ats-platform/internal/resume/handler/resume_handler.go:129.16,132.3 2 1
github.com/example/ats-platform/internal/resume/handler/resume_handler.go:134.2,137.49 2 1
github.com/example/ats-platform/internal/resume/handler/resume_handler.go:137.49,140.3 2 1
github.com/example/ats-platform/internal/resume/handler/resume_handler.go:142.2,143.16 2 1
github.com/example/ats-platform/internal/resume/handler/resume_handler.go:143.16,144.39 1 1
github.com/example/ats-platform/internal/resume/handler/resume_handler.go:144.39,147.4 2 1
github.com/example/ats-platform/internal/resume/handler/resume_handler.go:148.3,148.48 1 1
github.com/example/ats-platform/internal/resume/handler/resume_handler.go:148.48,151.4 2 1
github.com/example/ats-platform/internal/resume/handler/resume_handler.go:152.3,153.9 2 1
github.com/example/ats-platform/internal/resume/handler/resume_handler.go:156.2,156.29 1 1
github.com/example/ats-platform/internal/resume/handler/resume_handler.go:160.70,162.17 2 1
github.com/example/ats-platform/internal/resume/handler/resume_handler.go:162.17,164.3 1 1
github.com/example/ats-platform/internal/resume/handler/resume_handler.go:166.2,167.16 2 1
github.com/example/ats-platform/internal/resume/handler/resume_handler.go:167.16,169.3 1 1
github.com/example/ats-platform/internal/resume/handler/resume_handler.go:171.2,171.17 1 1
